<?xml version="1.0" encoding="UTF-8"?>
<!-- Generated by org.testng.reporters.JUnitReportReporter -->
<testsuite hostname="ASCINLAP61601" failures="0" tests="2" name="tests.LoginTests" time="51.219" errors="0" timestamp="2025-05-25T19:43:22 IST" skipped="0">
  <testcase classname="tests.LoginTests" name="validLoginTest" time="27.020"/>
  <testcase classname="tests.LoginTests" name="invalidLoginTest" time="24.199"/>
</testsuite> <!-- tests.LoginTests -->
