<?xml version="1.0" encoding="UTF-8"?>
<!-- Generated by org.testng.reporters.JUnitReportReporter -->
<testsuite hostname="ASCINLAP61601" failures="0" tests="1" name="tests.AddUserTests" time="28.943" errors="0" timestamp="2025-05-25T19:43:22 IST" skipped="0">
  <testcase classname="tests.AddUserTests" name="addNewUserTest" time="28.943"/>
</testsuite> <!-- tests.AddUserTests -->
