<?xml version="1.0" encoding="UTF-8"?>
<!-- Generated by org.testng.reporters.JUnitReportReporter -->
<testsuite hostname="ASCINLAP61601" failures="0" tests="1" name="tests.BuzzTests" time="22.669" errors="0" timestamp="2025-05-25T20:34:09 IST" skipped="0">
  <testcase classname="tests.BuzzTests" name="postMessageOnBuzzTest" time="22.669"/>
</testsuite> <!-- tests.BuzzTests -->
