<?xml version="1.0" encoding="UTF-8"?>
<!-- Generated by org.testng.reporters.JUnitReportReporter -->
<testsuite hostname="ASCINLAP61601" failures="0" tests="2" name="tests.LoginTests" time="41.157" errors="0" timestamp="2025-05-25T20:34:09 IST" skipped="0">
  <testcase classname="tests.LoginTests" name="validLoginTest" time="18.783"/>
  <testcase classname="tests.LoginTests" name="invalidLoginTest" time="22.374"/>
</testsuite> <!-- tests.LoginTests -->
